<?xml version="1.0" encoding="UTF-8"?>
<testng-results skipped="4" failed="0" total="4" passed="0">
  <reporter-output>
    <line>
      <![CDATA[<a href='C:\Users\rishitha\workspace\SeleniumClass\target\surefire-reports\failure_screenshots\samsung_06_07_2020_06_49_01.png'> <img src='C:\Users\rishitha\workspace\SeleniumClass\target\surefire-reports\failure_screenshots\samsung_06_07_2020_06_49_01.png' height='100' width='100'/> </a>]]>
    </line>
  </reporter-output>
  <suite name="flipkart" duration-ms="66461" started-at="2020-07-06T13:48:29Z" finished-at="2020-07-06T13:49:35Z">
    <groups>
      <group name="regression">
        <method signature="Electronics.addMIMobiles()[pri:0, instance:com.flipkart.businessscripts.Electronics@4b9e255]" name="addMIMobiles" class="com.flipkart.businessscripts.Electronics"/>
        <method signature="Electronics.samsung()[pri:0, instance:com.flipkart.businessscripts.Electronics@4b9e255]" name="samsung" class="com.flipkart.businessscripts.Electronics"/>
        <method signature="Men.addtocartforshoes()[pri:0, instance:com.flipkart.businessscripts.Men@6c9f5c0d]" name="addtocartforshoes" class="com.flipkart.businessscripts.Men"/>
        <method signature="Men.sportsitemtocart()[pri:0, instance:com.flipkart.businessscripts.Men@6c9f5c0d]" name="sportsitemtocart" class="com.flipkart.businessscripts.Men"/>
        <method signature="Electronics.addMIMobiles()[pri:0, instance:com.flipkart.businessscripts.Electronics@4e4aea35]" name="addMIMobiles" class="com.flipkart.businessscripts.Electronics"/>
        <method signature="Electronics.samsung()[pri:0, instance:com.flipkart.businessscripts.Electronics@4e4aea35]" name="samsung" class="com.flipkart.businessscripts.Electronics"/>
        <method signature="Men.addtocartforshoes()[pri:0, instance:com.flipkart.businessscripts.Men@1442d7b5]" name="addtocartforshoes" class="com.flipkart.businessscripts.Men"/>
        <method signature="Men.sportsitemtocart()[pri:0, instance:com.flipkart.businessscripts.Men@1442d7b5]" name="sportsitemtocart" class="com.flipkart.businessscripts.Men"/>
      </group> <!-- regression -->
    </groups>
    <test name="chrome testing" duration-ms="66461" started-at="2020-07-06T13:48:29Z" finished-at="2020-07-06T13:49:35Z">
      <class name="com.flipkart.businessscripts.Electronics">
        <test-method status="PASS" signature="launchbrowser(java.lang.String, java.lang.String)[pri:0, instance:com.flipkart.businessscripts.Electronics@4b9e255]" name="launchbrowser" is-config="true" duration-ms="16107" started-at="2020-07-06T06:48:29Z" finished-at="2020-07-06T06:48:45Z">
          <params>
            <param index="0">
              <value>
                <![CDATA[chrome]]>
              </value>
            </param>
            <param index="1">
              <value>
                <![CDATA[https://www.flipkart.com/]]>
              </value>
            </param>
          </params>
          <reporter-output>
          </reporter-output>
        </test-method> <!-- launchbrowser -->
        <test-method status="PASS" signature="movetoelectronics()[pri:0, instance:com.flipkart.businessscripts.Electronics@4b9e255]" name="movetoelectronics" is-config="true" duration-ms="9250" started-at="2020-07-06T06:48:45Z" finished-at="2020-07-06T06:48:54Z">
          <reporter-output>
          </reporter-output>
        </test-method> <!-- movetoelectronics -->
        <test-method status="FAIL" signature="movetoelectronics()[pri:0, instance:com.flipkart.businessscripts.Electronics@4b9e255]" name="movetoelectronics" is-config="true" duration-ms="0" started-at="2020-07-06T06:49:03Z" finished-at="2020-07-06T06:49:03Z">
          <exception class="org.openqa.selenium.NoSuchWindowException">
            <message>
              <![CDATA[Browsing context has been discarded
Build info: version: '3.141.59', revision: 'e82be7d358', time: '2018-11-14T08:25:48'
System info: host: 'RISHITHA-HP', ip: '192.168.0.6', os.name: 'Windows 7', os.arch: 'amd64', os.version: '6.1', java.version: '1.8.0_251'
Driver info: org.openqa.selenium.firefox.FirefoxDriver
Capabilities {acceptInsecureCerts: true, browserName: firefox, browserVersion: 78.0.1, javascriptEnabled: true, moz:accessibilityChecks: false, moz:buildID: 20200630195452, moz:geckodriverVersion: 0.26.0, moz:headless: false, moz:processID: 492, moz:profile: C:\Users\rishitha\AppData\L..., moz:shutdownTimeout: 60000, moz:useNonSpecCompliantPointerOrigin: false, moz:webdriverClick: true, pageLoadStrategy: normal, platform: WINDOWS, platformName: WINDOWS, platformVersion: 6.1, rotatable: false, setWindowRect: true, strictFileInteractability: false, timeouts: {implicit: 0, pageLoad: 300000, script: 30000}, unhandledPromptBehavior: dismiss and notify}
Session ID: cb052c25-24d3-443c-a2af-9441f928092d
*** Element info: {Using=xpath, value=//*[@id='container']/div/div[2]/div/ul/li[1]/span}]]>
            </message>
            <full-stacktrace>
              <![CDATA[org.openqa.selenium.NoSuchWindowException: Browsing context has been discarded
Build info: version: '3.141.59', revision: 'e82be7d358', time: '2018-11-14T08:25:48'
System info: host: 'RISHITHA-HP', ip: '192.168.0.6', os.name: 'Windows 7', os.arch: 'amd64', os.version: '6.1', java.version: '1.8.0_251'
Driver info: org.openqa.selenium.firefox.FirefoxDriver
Capabilities {acceptInsecureCerts: true, browserName: firefox, browserVersion: 78.0.1, javascriptEnabled: true, moz:accessibilityChecks: false, moz:buildID: 20200630195452, moz:geckodriverVersion: 0.26.0, moz:headless: false, moz:processID: 492, moz:profile: C:\Users\rishitha\AppData\L..., moz:shutdownTimeout: 60000, moz:useNonSpecCompliantPointerOrigin: false, moz:webdriverClick: true, pageLoadStrategy: normal, platform: WINDOWS, platformName: WINDOWS, platformVersion: 6.1, rotatable: false, setWindowRect: true, strictFileInteractability: false, timeouts: {implicit: 0, pageLoad: 300000, script: 30000}, unhandledPromptBehavior: dismiss and notify}
Session ID: cb052c25-24d3-443c-a2af-9441f928092d
*** Element info: {Using=xpath, value=//*[@id='container']/div/div[2]/div/ul/li[1]/span}
	at sun.reflect.NativeConstructorAccessorImpl.newInstance0(Native Method)
	at sun.reflect.NativeConstructorAccessorImpl.newInstance(Unknown Source)
	at sun.reflect.DelegatingConstructorAccessorImpl.newInstance(Unknown Source)
	at java.lang.reflect.Constructor.newInstance(Unknown Source)
	at org.openqa.selenium.remote.http.W3CHttpResponseCodec.createException(W3CHttpResponseCodec.java:187)
	at org.openqa.selenium.remote.http.W3CHttpResponseCodec.decode(W3CHttpResponseCodec.java:122)
	at org.openqa.selenium.remote.http.W3CHttpResponseCodec.decode(W3CHttpResponseCodec.java:49)
	at org.openqa.selenium.remote.HttpCommandExecutor.execute(HttpCommandExecutor.java:158)
	at org.openqa.selenium.remote.service.DriverCommandExecutor.execute(DriverCommandExecutor.java:83)
	at org.openqa.selenium.remote.RemoteWebDriver.execute(RemoteWebDriver.java:552)
	at org.openqa.selenium.remote.RemoteWebDriver.findElement(RemoteWebDriver.java:323)
	at org.openqa.selenium.remote.RemoteWebDriver.findElementByXPath(RemoteWebDriver.java:428)
	at org.openqa.selenium.By$ByXPath.findElement(By.java:353)
	at org.openqa.selenium.remote.RemoteWebDriver.findElement(RemoteWebDriver.java:315)
	at com.testng.ReusableTestNG.mouseHover(ReusableTestNG.java:70)
	at com.flipkart.businessscripts.Electronics.movetoelectronics(Electronics.java:23)
	at sun.reflect.NativeMethodAccessorImpl.invoke0(Native Method)
	at sun.reflect.NativeMethodAccessorImpl.invoke(Unknown Source)
	at sun.reflect.DelegatingMethodAccessorImpl.invoke(Unknown Source)
	at java.lang.reflect.Method.invoke(Unknown Source)
	at org.testng.internal.MethodInvocationHelper.invokeMethod(MethodInvocationHelper.java:85)
	at org.testng.internal.Invoker.invokeConfigurationMethod(Invoker.java:521)
	at org.testng.internal.Invoker.invokeConfigurations(Invoker.java:213)
	at org.testng.internal.Invoker.invokeMethod(Invoker.java:605)
	at org.testng.internal.Invoker.retryFailed(Invoker.java:995)
	at org.testng.internal.Invoker.invokeTestMethods(Invoker.java:1175)
	at org.testng.internal.TestMethodWorker.invokeTestMethods(TestMethodWorker.java:124)
	at org.testng.internal.TestMethodWorker.run(TestMethodWorker.java:108)
	at org.testng.TestRunner.privateRun(TestRunner.java:771)
	at org.testng.TestRunner.run(TestRunner.java:621)
	at org.testng.SuiteRunner.runTest(SuiteRunner.java:357)
	at org.testng.SuiteRunner.access$000(SuiteRunner.java:38)
	at org.testng.SuiteRunner$SuiteWorker.run(SuiteRunner.java:391)
	at org.testng.internal.thread.ThreadUtil$2.call(ThreadUtil.java:64)
	at java.util.concurrent.FutureTask.run(Unknown Source)
	at java.util.concurrent.ThreadPoolExecutor.runWorker(Unknown Source)
	at java.util.concurrent.ThreadPoolExecutor$Worker.run(Unknown Source)
	at java.lang.Thread.run(Unknown Source)
]]>
            </full-stacktrace>
          </exception> <!-- org.openqa.selenium.NoSuchWindowException -->
          <reporter-output>
          </reporter-output>
        </test-method> <!-- movetoelectronics -->
        <test-method status="SKIP" signature="samsung()[pri:0, instance:com.flipkart.businessscripts.Electronics@4b9e255]" name="samsung" duration-ms="2" started-at="2020-07-06T06:49:33Z" finished-at="2020-07-06T06:49:33Z">
          <reporter-output>
          </reporter-output>
        </test-method> <!-- samsung -->
        <test-method status="SKIP" signature="movetoelectronics()[pri:0, instance:com.flipkart.businessscripts.Electronics@4b9e255]" name="movetoelectronics" is-config="true" duration-ms="0" started-at="2020-07-06T06:49:33Z" finished-at="2020-07-06T06:49:33Z">
          <reporter-output>
          </reporter-output>
        </test-method> <!-- movetoelectronics -->
        <test-method status="SKIP" signature="addMIMobiles()[pri:0, instance:com.flipkart.businessscripts.Electronics@4b9e255]" name="addMIMobiles" duration-ms="1" started-at="2020-07-06T06:49:33Z" finished-at="2020-07-06T06:49:33Z">
          <reporter-output>
          </reporter-output>
        </test-method> <!-- addMIMobiles -->
        <test-method status="SKIP" signature="teardown()[pri:0, instance:com.flipkart.businessscripts.Electronics@4b9e255]" name="teardown" is-config="true" duration-ms="0" started-at="2020-07-06T06:49:35Z" finished-at="2020-07-06T06:49:35Z">
          <reporter-output>
          </reporter-output>
        </test-method> <!-- teardown -->
      </class> <!-- com.flipkart.businessscripts.Electronics -->
      <class name="com.flipkart.businessscripts.Men">
        <test-method status="FAIL" signature="methodprotect()[pri:0, instance:com.flipkart.businessscripts.Men@6c9f5c0d]" name="methodprotect" is-config="true" duration-ms="0" started-at="2020-07-06T06:49:33Z" finished-at="2020-07-06T06:49:33Z">
          <exception class="org.openqa.selenium.WebDriverException">
            <message>
              <![CDATA[Failed to decode response from marionette
Build info: version: '3.141.59', revision: 'e82be7d358', time: '2018-11-14T08:25:48'
System info: host: 'RISHITHA-HP', ip: '192.168.0.6', os.name: 'Windows 7', os.arch: 'amd64', os.version: '6.1', java.version: '1.8.0_251'
Driver info: org.openqa.selenium.firefox.FirefoxDriver
Capabilities {acceptInsecureCerts: true, browserName: firefox, browserVersion: 78.0.1, javascriptEnabled: true, moz:accessibilityChecks: false, moz:buildID: 20200630195452, moz:geckodriverVersion: 0.26.0, moz:headless: false, moz:processID: 492, moz:profile: C:\Users\rishitha\AppData\L..., moz:shutdownTimeout: 60000, moz:useNonSpecCompliantPointerOrigin: false, moz:webdriverClick: true, pageLoadStrategy: normal, platform: WINDOWS, platformName: WINDOWS, platformVersion: 6.1, rotatable: false, setWindowRect: true, strictFileInteractability: false, timeouts: {implicit: 0, pageLoad: 300000, script: 30000}, unhandledPromptBehavior: dismiss and notify}
Session ID: cb052c25-24d3-443c-a2af-9441f928092d
*** Element info: {Using=xpath, value=//*[@id='container']/div/div[2]/div/ul/li[3]/span}]]>
            </message>
            <full-stacktrace>
              <![CDATA[org.openqa.selenium.WebDriverException: Failed to decode response from marionette
Build info: version: '3.141.59', revision: 'e82be7d358', time: '2018-11-14T08:25:48'
System info: host: 'RISHITHA-HP', ip: '192.168.0.6', os.name: 'Windows 7', os.arch: 'amd64', os.version: '6.1', java.version: '1.8.0_251'
Driver info: org.openqa.selenium.firefox.FirefoxDriver
Capabilities {acceptInsecureCerts: true, browserName: firefox, browserVersion: 78.0.1, javascriptEnabled: true, moz:accessibilityChecks: false, moz:buildID: 20200630195452, moz:geckodriverVersion: 0.26.0, moz:headless: false, moz:processID: 492, moz:profile: C:\Users\rishitha\AppData\L..., moz:shutdownTimeout: 60000, moz:useNonSpecCompliantPointerOrigin: false, moz:webdriverClick: true, pageLoadStrategy: normal, platform: WINDOWS, platformName: WINDOWS, platformVersion: 6.1, rotatable: false, setWindowRect: true, strictFileInteractability: false, timeouts: {implicit: 0, pageLoad: 300000, script: 30000}, unhandledPromptBehavior: dismiss and notify}
Session ID: cb052c25-24d3-443c-a2af-9441f928092d
*** Element info: {Using=xpath, value=//*[@id='container']/div/div[2]/div/ul/li[3]/span}
	at sun.reflect.NativeConstructorAccessorImpl.newInstance0(Native Method)
	at sun.reflect.NativeConstructorAccessorImpl.newInstance(Unknown Source)
	at sun.reflect.DelegatingConstructorAccessorImpl.newInstance(Unknown Source)
	at java.lang.reflect.Constructor.newInstance(Unknown Source)
	at org.openqa.selenium.remote.http.W3CHttpResponseCodec.createException(W3CHttpResponseCodec.java:187)
	at org.openqa.selenium.remote.http.W3CHttpResponseCodec.decode(W3CHttpResponseCodec.java:122)
	at org.openqa.selenium.remote.http.W3CHttpResponseCodec.decode(W3CHttpResponseCodec.java:49)
	at org.openqa.selenium.remote.HttpCommandExecutor.execute(HttpCommandExecutor.java:158)
	at org.openqa.selenium.remote.service.DriverCommandExecutor.execute(DriverCommandExecutor.java:83)
	at org.openqa.selenium.remote.RemoteWebDriver.execute(RemoteWebDriver.java:552)
	at org.openqa.selenium.remote.RemoteWebDriver.findElement(RemoteWebDriver.java:323)
	at org.openqa.selenium.remote.RemoteWebDriver.findElementByXPath(RemoteWebDriver.java:428)
	at org.openqa.selenium.By$ByXPath.findElement(By.java:353)
	at org.openqa.selenium.remote.RemoteWebDriver.findElement(RemoteWebDriver.java:315)
	at com.testng.ReusableTestNG.mouseHover(ReusableTestNG.java:70)
	at com.flipkart.businessscripts.Men.methodprotect(Men.java:18)
	at sun.reflect.NativeMethodAccessorImpl.invoke0(Native Method)
	at sun.reflect.NativeMethodAccessorImpl.invoke(Unknown Source)
	at sun.reflect.DelegatingMethodAccessorImpl.invoke(Unknown Source)
	at java.lang.reflect.Method.invoke(Unknown Source)
	at org.testng.internal.MethodInvocationHelper.invokeMethod(MethodInvocationHelper.java:85)
	at org.testng.internal.Invoker.invokeConfigurationMethod(Invoker.java:521)
	at org.testng.internal.Invoker.invokeConfigurations(Invoker.java:213)
	at org.testng.internal.Invoker.invokeMethod(Invoker.java:605)
	at org.testng.internal.Invoker.invokeTestMethod(Invoker.java:849)
	at org.testng.internal.Invoker.invokeTestMethods(Invoker.java:1157)
	at org.testng.internal.TestMethodWorker.invokeTestMethods(TestMethodWorker.java:124)
	at org.testng.internal.TestMethodWorker.run(TestMethodWorker.java:108)
	at org.testng.TestRunner.privateRun(TestRunner.java:771)
	at org.testng.TestRunner.run(TestRunner.java:621)
	at org.testng.SuiteRunner.runTest(SuiteRunner.java:357)
	at org.testng.SuiteRunner.access$000(SuiteRunner.java:38)
	at org.testng.SuiteRunner$SuiteWorker.run(SuiteRunner.java:391)
	at org.testng.internal.thread.ThreadUtil$2.call(ThreadUtil.java:64)
	at java.util.concurrent.FutureTask.run(Unknown Source)
	at java.util.concurrent.ThreadPoolExecutor.runWorker(Unknown Source)
	at java.util.concurrent.ThreadPoolExecutor$Worker.run(Unknown Source)
	at java.lang.Thread.run(Unknown Source)
]]>
            </full-stacktrace>
          </exception> <!-- org.openqa.selenium.WebDriverException -->
          <reporter-output>
          </reporter-output>
        </test-method> <!-- methodprotect -->
        <test-method status="SKIP" signature="addtocartforshoes()[pri:0, instance:com.flipkart.businessscripts.Men@6c9f5c0d]" name="addtocartforshoes" duration-ms="0" started-at="2020-07-06T06:49:35Z" finished-at="2020-07-06T06:49:35Z">
          <reporter-output>
          </reporter-output>
        </test-method> <!-- addtocartforshoes -->
        <test-method status="SKIP" signature="methodprotect()[pri:0, instance:com.flipkart.businessscripts.Men@6c9f5c0d]" name="methodprotect" is-config="true" duration-ms="0" started-at="2020-07-06T06:49:35Z" finished-at="2020-07-06T06:49:35Z">
          <reporter-output>
          </reporter-output>
        </test-method> <!-- methodprotect -->
        <test-method status="SKIP" signature="sportsitemtocart()[pri:0, instance:com.flipkart.businessscripts.Men@6c9f5c0d]" name="sportsitemtocart" duration-ms="0" started-at="2020-07-06T06:49:35Z" finished-at="2020-07-06T06:49:35Z">
          <reporter-output>
          </reporter-output>
        </test-method> <!-- sportsitemtocart -->
      </class> <!-- com.flipkart.businessscripts.Men -->
    </test> <!-- chrome testing -->
  </suite> <!-- flipkart -->
</testng-results>
